[    0.000000] Initializing cgroup subsys cpuset
[    0.000000] Intializing cgroup subsys cpu
[    0.000000] Initializing cgroup subsys cpuacct
[    0.000000] Linux ersion 4.4.0-116-generic (buildd@lgw01-amd64-021) (gcc version 5.4.0 20160609 (Ubuntu 5.4.0-6ubuntu1~16.04.9) ) #140-Ubuntu SMP Mon Feb 12 21:23:04 UTC 2018 (Ubuntu 4..0-116.140-generic 4.4.98)
[    0.000000] Command line: BOOT_IMAGE=/boot/vmlinuz-4.4.0-116-generic root=LABEL=cloudimg-rootfs o console=tty1 console=ttyS0
[    0.000000] KERNEL supported cus:
[    0.000000]   Intel GenuineIntel
[    0.000000]   AMD AuthenticAMD
[    0.000000]   Centaur CentaurHauls
[    0.00000] x86/fpu: xstate_offset[2]:  576, xstate_sizes[2]:  256
[    0.00000] x86/fpu: Supporting XSAVE feature 0x01: 'x87 floating point registers'
[    0.000000] x86/fpu: Supporting XSAVE feature 0x02: 'SSE registers'
[    0.000000] x86/fpu: Supporting XSAVE feature 0x04: 'AVX registers'
[    0.000000] x86/fpu: Enabled xstate features 0x7, context size is 832 bytes, using 'standard' format.
[    0.000000] x86/fu: Using'lazy' FPU context switches.
[    0.000000] e820: BIOS-provided physical RAM map:
[    0.000000] BIOS-e820: [mem 0x0000000000000000-0x000000000009fbff] usable
[    0.000000] BIOS-e820: [mem 0x000000000009fc00-0x0000000009ffff] reserved
[    0.000000] BIOS-e820: [mem 0x00000000000f0000-0x00000000000fffff] reserved
[    0.000000] BIOS-e820: [mem 0x0000000000100000-0x000000003ffeffff] usable
[    0.000000] BIOS-e820: [mem 0x000000003fff0000-0x000000003fffffff] ACPI data
[    0.000000] BIOS-e820: [mem 0x00000000fec00000-0x00000000fec00fff] reserved
[    0.000000] BIOS-e820: [mem 0x00000000fee00000-0x00000000fee00fff] reserved
[    0.000000] BIOS-e820: me 0x00000000fffc0000-0x00000000ffffffff] reserved
[    0.000000] NX (Execute Disable) protection: active
[    0.000000] SMBIOS 2.5 present.
[    0.000000] Hypervisor detected: KVM
[    0.000000] e820: last_pfn = 0x3fff0 max_arch_pfn = 0x400000000
[    0.000000] MTRR: Disabled
[    0.000000] x86/PAT: MTRRs disabled, skipping PAT initialization too.
[    0.000000] CPU MTRRs all blank - virtualized system.
[    0.000000] x86/PAT: Configuration [0-7]: WB  WT  UC- UC  WB  W  C- U  
[    0.000000] found SMP MP-table at [mem 0x0009fff0-0x0009ffff] mapped at [ffff88000009fff0]
[    0.000000] Scanning 1 reas for low memory corruption
[    0.000000] RAMDISK: [mem 0x36ac2000-0x37558fff]
[    0.000000] ACPI: Early tablechcksum verification disabled
[    0.000000] ACPI: RSDP 0x00000000000E0000 000024 (v02 VBOX  )
[    0.000000] ACPI: XSDT 0x000000003FFF0030 0003C (v01 VBOX   VBOXXSDT 00000001 ASL  00000061)
[    0.000000] ACPI: FACP 0x000000003FFF00F0 0000F (v04 VBOX   VBOXFACP 00000001 ASL  00000061)
[    0.000000] ACPI: DSDT 0x000000003FFF0470 0021FF (v02 VBOX   VBOXBIOS 00000002 INTL 20100528)
[    0.000000] ACPI: FACS 0x00000003FF000 000040
[    0.000000] ACPI: FACS 0x000000003FFF0200 000040
[    0.000000] ACPI: APIC 0x000000003FFF240 0005C (v02 VBOX   VBOXAPIC 00000001 ASL  00000061)
[    0.000000] ACPI: SSDT 0x000000003FFF02A0 0001CC (v01 VBOX   VBOXCPUT 00000002 INTL 20100528)
[    0.000000] No NUMA configuration found
[    0.000000] Faking a node at [mem0x0000000000000000-0x000000003ffffff
[    0.000000] NODE_DATA(0) alloocated [mem 0x3ffeb000-0x3ffeffff]
[    0.000000] kvm-clock: Using msrs b54d1 and 4b564d00
[    0.000000] kvm-clock: cpu 0, msr 0:3ffe3001, primary cpu clock
[    0.000000] kvm-clock: using sched offset of 4357438565 cycles
[    0.000000] clocksource: kvm-clock: mask: 0xffffffffffffffff max_cycles:0xd42e4dffb, max_idle_ns: 881590591483 ns
[    0.000000] Zone raanges:
[    0.000000]   DMA      [mem 0x0000000000001000-0x0000000000ffffff]
[    0.000000]   DMA32    [mem 0x0000000001000000-0x000000003ffeffff]
[    0.000000]   Normal  empty
[    0.000000]   Device   empy
[    0.000000] Movable zone start for each node
[    0.000000] Early memory node ranges
[    0.000000]   node   0: [mem 0x0000000000001000-0x000000000009efff]
[    0.000000]   node   0: [mem 0x00000000001000-0x00000003feffff
[    0.000000] Initmem setup node 0 [mem 0x0000000000001000-0x000000003ffeffff]
[    0.000000] ACPI: PM-Timer IO Port: 0x4008
[    0.0000] IOAPIC[0]: apic_id 2, version 32, address 0xfec00000, GSI 0-23
[    0.000000] ACPI: INT_SRC_OVR (bus 0 bus_irq 0 global_irq 2 dfl dfl)
[    0.000000] ACPI: INT_SRC_OVR (bus 0 bus_irq 9 global_irq  low level)
[    0.000000] Using ACPI (MADT) for SMP configuration information
[    0.000000] smpboot: Allowing 2 CPUs, 0 hotplug CPUs
[    0.000000] PM: Registered nosave memory: [mem 0x00000000-0x00000fff]
[    0.000000] PM: Registered nosave memory: [mem 0x0009f000-0x0009ffff]
[    0.00000] PM: Regisered nosave memory: [mem 0x000a0000-0x000effff]
[    0.000000] PM: Registered nosave memory: [mem 0x00f0000-0x00fffff]
[    0.000000] e820: [mem 0x40000000-0xfebfffff] available for PCI devices
[    0.00000] Booting paravirtualized kernel on KVM
[    0.000000] clocksource: refined-jiffies: mask: 0xffffffff max_ycles: 0xffffffff, max_idle_ns: 7645519600211568 ns
[    0.000000] setup_percpu: NR_CPUS:512 nr_cpumask_bits:512 nr_cpu_ids:2 nr_node_ids:1
[    0.000000]PERCPU: Embedded 34 pages/cpu @ffff88003fc00000 s99544 r8192 d31528 u1048576
[    0.000000] V qspinlock hash table entries: 256 (order:0,096 bytes)
[    0.000000] Built 1 zonelists in Node orderr, mobility grouping on.  Total pages: 257913
[    0.000000] Policy zone: DMA32
[    0.000000] Kernel command line: BOOT_IMAGE=/boot/vmlinuz-4.4.0-116-generic root=LABEL=cloudimg-rootfs ro console=tty1 console=ttyS0
[    0.000000] PID hash table entries: 4096 (order: 3, 32768 bytes)
[    0.000000] Memory: 1001688K/1048120K available (8530K ernel code, 1309K rwdata, 3992K rodata, 1508K init, 1316K bss, 46432K reserved, 0K cma-reserved)
[    0.000000] SLUB: HWalign=64, Order=0-3, MinObjects=0, CPUs=2, Nodes=1
[    0.000000] Kernel/User page ables isolation: enbled
[    0.000000] Hierarchical RCU implemetaio.
[    0.000000] 	Build-time adjustment of leaf fanout to 64.
[    0.000000] 	RCU restricting CPUs from NR_CPUS=512 to nr_cpu_ids=2.
[    0.000000] RCU: Adjusting geometry for rcu_fanout_leaf=64, nr_cpu_ids=
   0.000000] NR_IRQS:33024 nr_irqs:440 16
[    0.000000] Console: colour VGA+ 80x25
[    0.000000] console [tty1] enabled
[    0.000000] console [ttyS0] enabled
[   .000000] tsc: Detected 2399.998 MHz processor
[    2.027702] Calibrating delay loop (skipped) preset value.. 4799.99 BogoMIPS (lpj=9599992)
[    2.051497] pid_max: default: 32768 minimum: 301
[    2.067450] ACPI: Core revision 20150930
[    2.070532] ACPI: 2 ACPI AML tables successfully acquired and loaded
[    2.086172] Security Framework initialized
[    2.091083] Yama: becoming mindful.
[    2.092862] AppArmor: AppArmor initialized
[    2.094914] Dentry cache hash table entries: 131072 (order: 8, 1048576 bytes)
[    2.107320] Inode-cache hash table entries: 65536 (order: 7, 524288 bytes)
[    2.116054] Mount-cache hash table entries: 2048 (order: 2, 16384 bytes)
[    2.124731] Mountpoint-cache hash table entries: 2048 (order: 2, 16384 bytes)
[    2.127950] Initializing cgroup subsys io
[    2.139218] Initializing cgroup subsys memory
[    2.141027] Initializing cgroup subsys devices
[    2.142872] Initializing cgroup subsys freezer
[    2.151910] Initializing cgroup subsys net_cls
[    2.167292] Initializing cgroup subsys perf_event
[    2.169366] Initializing cgroup subsys net_prio
[    2.171202] Initializing cgroup subsys hugetlb
[    2.172996] Initializing cgroup subsys pids
[    2.176240] CPU: Physical Processor ID: 0
[    2.177711] CPU: Processor Core ID: 0
[    2.178977] FEATURE SPEC_CTRL Not Present
[    2.194311] mce: CPU supports 0 MCE banks
[    2.201206] Last level iTLB entries: 4KB 64, 2MB 8, 4MB 8
[    2.203587] Last level dTLB entries: 4KB 64, 2MB 0, 4MB 0, 1GB 4
[    2.221635] Spectre V2 mitigation: Mitigation: Full generic retpoline
[    2.224027] Spectre V2 mitigation: Speculation control IBPB not-supported IBRS not-supported
[    2.237938] Freeing SMP alternatives memory: 32K
[    2.252863] ftrace: allocating 32186 entries in 126 pages
[    2.347295] smpboot: APIC(0) Converting physical 0 to logical package 0
[    2.356421] smpboot: Max logical packages: 1
[    2.368418] x2apic enabled
[    2.370314] Switched APIC routing to physical x2apic.
[    2.395383] ..TIMER: vector=0x30 apic1=0 pin1=2 apic2=-1 pin2=-1
[    2.505644] smpboot: CPU0: Intel(R) Core(TM) i5-6200U CPU @ 2.30GHz (family: 0x6, model: 0x4e, stepping: 0x3)
[    2.518651] Performance Events: unsupported p6 CPU model 78 no PMU driver, software events only.
[    2.531781] KVM setup paravirtual spinlock
[    2.551656] x86: Booting SMP configuration:
[    2.553475] .... node  #0, CPUs:      #1
[    2.566778] kvm-clock: cpu 1, msr 0:3ffe3041, secondary cpu clock
[    2.590146] mce: CPU supports 0 MCE banks
[    2.600086] x86: Booted up 1 node, 2 CPUs
[    2.602192] smpboot: Total of 2 processors activated (9599.99 BogoMIPS)
[    2.605715] devtmpfs: initialized
[    2.612781] evm: security.selinux
[    2.614586] evm: security.SMACK64
[    2.619856] evm: security.SMACK64EXEC
[    2.621466] evm: security.SMACK64TRANSMUTE
[    2.625124] evm: security.SMACK64MMAP
[    2.628875] evm: security.ima
[    2.631136] evm: security.capability
[    2.632528] clocksource: jiffies: mask: 0xffffffff max_cycles: 0xffffffff, max_idle_ns: 7645041785100000 ns
[    2.644958] futex hash table entries: 512 (order: 3, 32768 bytes)
[    2.673485] pinctrl core: initialized pinctrl subsystem
[    2.675400] RTC time: 13:37:35, date: 02/26/18
[    2.685135] NET: Registered protocol family 16
[    2.705730] cpuidle: using governor ladder
[    2.721567] cpuidle: using governor menu
[    2.731451] PCCT header not found.
[    2.734389] ACPI: bus type PCI registered
[    2.739687] acpiphp: ACPI Hot Plug PCI Controller Driver version: 0.5
[    2.752313] PCI: Using configuration type 1 for base access
[    2.781448] ACPI: Added _OSI(Module Device)
[    2.800536] ACPI: Added _OSI(Processor Device)
[    2.821690] ACPI: Added _OSI(3.0 _SCP Extensions)
[    2.824914] ACPI: Added _OSI(Processor Aggregator Device)
[    2.828320] ACPI: Executed 1 blocks of module-level executable AML code
[    2.854078] ACPI: Interpreter enabled
[    2.868563] ACPI: (supports S0 S5)
[    2.892201] ACPI: Using IOAPIC for interrupt routing
[    2.894882] PCI: Using host bridge windows from ACPI; if necessary, use "pci=nocrs" and report a bug
[    2.914478] ACPI: PCI Root Bridge [PCI0] (domain 0000 [bus 00-ff])
[    2.923297] acpi PNP0A03:00: _OSC: OS supports [ASPM ClockPM Segments MSI]
[    2.942640] acpi PNP0A03:00: _OSC: not requesting OS control; OS requires [ExtendedConfig ASPM ClockPM MSI]
[    2.981357] acpi PNP0A03:00: fail to add MMCONFIG information, can't access extended PCI configuration space under this bridge.
[    3.001947] PCI host bridge to bus 0000:00
[    3.035833] pci_bus 0000:00: root bus resource [io  0x0000-0x0cf7 window]
[    3.050359] pci_bus 0000:00: root bus resource [io  0x0d00-0xffff window]
[    3.059097] pci_bus 0000:00: root bus resource [mem 0x000a0000-0x000bffff window]
[    3.071339] pci_bus 0000:00: root bus resource [mem 0x40000000-0xfdffffff window]
[    3.082130] pci_bus 0000:00: root bus resource [bus 00-ff]
[    3.086024] pci 0000:00:01.1: legacy IDE quirk: reg 0x10: [io  0x01f0-0x01f7]
[    3.105648] pci 0000:00:01.1: legacy IDE quirk: reg 0x14: [io  0x03f6]
[    3.127318] pci 0000:00:01.1: legacy IDE quirk: reg 0x18: [io  0x0170-0x0177]
[    3.164564] pci 0000:00:01.1: legacy IDE quirk: reg 0x1c: [io  0x0376]
[    3.197466] pci 0000:00:07.0: quirk: [io  0x4000-0x403f] claimed by PIIX4 ACPI
[    3.210484] pci 0000:00:07.0: quirk: [io  0x4100-0x410f] claimed by PIIX4 SMB
[    3.243027] ACPI: PCI Interrupt Link [LNKA] (IRQs 5 9 10 *11)
[    3.281610] ACPI: PCI Interrupt Link [LNKB] (IRQs 5 9 *10 11)
[    3.285912] ACPI: PCI Interrupt Link [LNKC] (IRQs 5 *9 10 11)
[    3.307544] ACPI: PCI Interrupt Link [LNKD] (IRQs 5 9 10 *11)
[    3.316612] ACPI: Enabled 2 GPEs in block 00 to 07
[    3.318851] vgaarb: setting as boot device: PCI:0000:00:02.0
[    3.333896] vgaarb: device added: PCI:0000:00:02.0,decodes=io+mem,owns=io+mem,locks=none
[    3.354253] vgaarb: loaded
[    3.356516] vgaarb: bridge control possible 0000:00:02.0
[    3.360116] SCSI subsystem initialized
[    3.371735] ACPI: bus type USB registered
[    3.380132] usbcore: registered new interface driver usbfs
[    3.382484] usbcore: registered new interface driver hub
[    3.387626] usbcore: registered new device driver usb
[    3.394582] PCI: Using ACPI for IRQ routing
[    3.397108] NetLabel: Initializing
[    3.399943] NetLabel:  domain hash size = 128
[    3.433901] NetLabel:  protocols = UNLABELED CIPSOv4
[    3.436587] NetLabel:  unlabeled traffic allowed by default
[    3.446352] amd_nb: Cannot enumerate AMD northbridges
[    3.455208] clocksource: Switched to clocksource kvm-clock
[    3.03624] AppArmor: AppArmor Filesystem Enabled
[    3.538927] pnp: PnP ACPI init
[   3.542392] pnp: PnP ACPI: found 3 devices

[    3.586522] clocksource: acpi_pm: mask: 0xfffff max_cycles:0xffff, max_idle_ns: 2085701024 ns
[    3.727497] NET: Registered protocol family 2

[   .71904] TCP established hash table entries: 8192 (order: , 5536 bytes)
[    3.891629] TCP bind hash table entries: 8192 (order: 5, 131072 bytes)
[   39477] TCP: Hash abes configured (established 8192 bind 8192)
[    4.081351] UDP hash table entries: 512 (order: 2, 16384 bytes)
[    4.083769] UDP-Lite hash table entries: 512 (order: 2, 16384 bytes)
    408833] NET: Registered protocol family 1
[    4.173425] pci 0000:00:00.0: Limiting direct PCI/PCI transfers
[   .175921] pci 0000:00:01.0: Activating ISA DMA hang workarounds
[    4.237817] Unpacking initramfs...

[    7.236195] Freeing initrd memory: 10844K
[    7.245828] platform rtc_cmos: registered platform RTC device (no PNP device found)
[    7.253458] Scanning for low memory corruption every 60 seconds
[    7.258437] audit: initializing netlink subsys (disabled)
[    7.263978] audit: type=2000 audit(1519652262.390:1): initialized
[    7.266232] Initialise system trusted keyring
[    7.268046] HugeTLB registered 2 MB page size, pre-allocated 0 pages
[    7.290435] zbud: loaded
[    7.292669] VFS: Disk quotas dquot_6.6.0
[    7.294360] VFS: Dquot-cache hash table entries: 512 (order 0, 4096 bytes)
[    7.306235] squashfs: version 4.0 (2009/01/31) Phillip Lougher
[    7.314142] fuse init (API version 7.23)
[    7.317668] Key type big_key registered
[    7.320774] Allocating IMA MOK and blacklist keyrings.
[    7.327911] Key type asymmetric registered
[    7.329943] Asymmetric key parser 'x509' registered
[    7.335089] Block layer SCSI generic (bsg) driver version 0.4 loaded (major 249)
[    7.344376] io scheduler noop registered
[    7.356741] io scheduler deadline registered (default)
[    7.366341] io scheduler cfq registered
[    7.377715] pci_hotplug: PCI Hot Plug PCI Core version: 0.5
[    7.382756] pciehp: PCI Express Hot Plug Controller Driver version: 0.4
[    7.389891] ACPI: AC Adapter [AC] (on-line)
[    7.393069] input: Power Button as /devices/LNXSYSTM:00/LNXPWRBN:00/input/input0
[    7.414772] ACPI: Power Button [PWRF]
[    7.424065] input: Sleep Button as /devices/LNXSYSTM:00/LNXSLPBN:00/input/input1
[    7.436971] ACPI: Sleep Button [SLPF]
[    7.452731] ACPI: Battery Slot [BAT0] (battery present)
[    7.459729] GHES: HEST is not enabled!
[    7.463724] Serial: 8250/16550 driver, 32 ports, IRQ sharing enabled
[    7.508179] 00:02: ttyS0 at I/O 0x3f8 (irq = 4, base_baud = 115200) is a 16550A
[    7.519621] Linux agpgart interface v0.103
[    7.526595] loop: module loaded
[    7.529067] scsi host0: ata_piix
[    7.552664] scsi host1: ata_piix
[    7.560125] ata1: PATA max UDMA/33 cmd 0x1f0 ctl 0x3f6 bmdma 0xd000 irq 14
[    7.563917] ata2: PATA max UDMA/33 cmd 0x170 ctl 0x376 bmdma 0xd008 irq 15
[    7.566696] libphy: Fixed MDIO Bus: probed
[    7.569207] tun: Universal TUN/TAP device driver, 1.6
[    7.572251] tun: (C) 1999-2004 Max Krasnyansky <maxk@qualcomm.com>
[    7.585948] PPP generic driver version 2.4.2
[    7.588029] ehci_hcd: USB 2.0 'Enhanced' Host Controller (EHCI) Driver
[    7.592739] ehci-pci: EHCI PCI platform driver
[    7.595826] ehci-platform: EHCI generic platform driver
[    7.598324] ohci_hcd: USB 1.1 'Open' Host Controller (OHCI) Driver
[    7.603252] ohci-pci: OHCI PCI platform driver
[    7.610029] ohci-platform: OHCI generic platform driver
[    7.619090] uhci_hcd: USB Universal Host Controller Interface driver
[    7.632824] i8042: PNP: PS/2 Controller [PNP0303:PS2K,PNP0f03:PS2M] at 0x60,0x64 irq 1,12
[    7.643630] serio: i8042 KBD port at 0x60,0x64 irq 1
[    7.653414] serio: i8042 AUX port at 0x60,0x64 irq 12
[    7.655852] mousedev: PS/2 mouse device common for all mice
[    7.667916] input: AT Translated Set 2 keyboard as /devices/platform/i8042/serio0/input/input2
[    7.692264] rtc_cmos rtc_cmos: rtc core: registered rtc_cmos as rtc0
[    7.700719] rtc_cmos rtc_cmos: alarms up to one day, 114 bytes nvram
[    7.703268] i2c /dev entries driver
[    7.705230] device-mapper: uevent: version 1.0.3
[    7.708446] device-mapper: ioctl: 4.34.0-ioctl (2015-10-28) initialised: dm-devel@redhat.com
[    7.718816] ledtrig-cpu: registered to indicate activity on CPUs
[    7.733474] NET: Registered protocol family 10
[    7.742817] NET: Registered protocol family 17
[    7.751830] Key type dns_resolver registered
[    7.768159] microcode: CPU0 sig=0x406e3, pf=0x2, revision=0x0
[    7.773103] microcode: CPU1 sig=0x406e3, pf=0x2, revision=0x0
[    7.793628] microcode: Microcode Update Driver: v2.01 <tigran@aivazian.fsnet.co.uk>, Peter Oruba
[    7.797783] registered taskstats version 1
[    7.80912] Loading compiled-in X.509 certificates
[    7.845082] Loaded X.509 cert 'Build time autogenerated kernel key: aa84f01984fbd529c105810b59e379d349698248'
[   .848302] zswap: loaded using pool lzo/zbud

[    7.915814] Key type trusted registered
[    7.938053] Key type encrypted registered
[    7.954810] AppArmor: AppArmor sha1 policy hashing enabled
[    7.957480] ima: No TPM chip found, activating TPM-bypass!
[    7.961296] evm: HMAC attrs: 0x1
[    7.963213]   Magic number: 6:887:635
[    7.965068] rtc_cmos rtc_cmos: setting system clock to 2018-02-26 13:37:40 UTC (1519652260)
[   7.1377] BIOS EDD facility v0.16 2004-Jun-25, 0 devices found
[   .064791] EDD information not available.

[    8.121978] Freeing unused kernel memory: 1508K
[    8.126337] Write protecting the kernel read-only data: 14336k
[    8.238288] Freeing unused kernel memory: 1700K
[    8.249468] Freeing unused kernel memory: 104K
[    8.251231] tsc: Refined TSC clocksource calibration: 2400.811 MHz
[    8.251233] clocksource: tsc: mask: 0xffffffffffffffff max_cycles: 0x229b35d57b6, max_idle_ns: 440795323441 ns
Loading, please wait...
[    8.295134] random: systemd-udevd: uninitialized urandom read (16 bytes read, 5 bits of entropy available)
starting version[    8.296362] random: udevadm: uninitialized urandom read (16 bytes read, 5 bits of entropy available)
 229
[    8.296394] random: udevadm: uninitialized urandom read (16 bytes read, 5 bits of entropy available)
[    8.314619] random: udevadm: uninitialized urandom read (16 bytes read, 5 bits of entropy available)
[    8.314707] random: udevadm: uninitialized urandom read (16 bytes read, 5 bits of entropy available)
[    8.314991] random: udevadm: uninitialized urandom read (16 bytes read, 5 bits of entropy available)
[    8.315097] random: udevadm: uninitialized urandom read (16 bytes read, 5 bits of entropy available)
[    8.315334] random: udevadm: uninitialized urandom read (16 bytes read, 5 bits of entropy available)
[    8.315445] random: udevadm: uninitialized urandom read (16 bytes read, 5 bits of entropy available)
[    8.315591] random: udevadm: uninitialized urandom read (16 bytes read, 5 bits of entropy available)
[    8.529779] e1000: Intel(R) PRO/1000 Network Driver - version 7.3.21-k8-NAPI
[    8.541740] e1000: Copyright (c) 1999-2006 Intel Corporation.
[    8.550931] Fusion MPT base driver 3.04.20
[    8.560087] Copyright (c) 1999-2008 LSI Corporation
[    8.572785] Fusion MPT SPI Host driver 3.04.20
[    8.605604] AVX2 version of gcm_enc/dec engaged.
[    8.627654] AES CTR mode by8 optimization enabled
[    8.803515] input: ImExPS/2 Generic Explorer Mouse as /devices/platform/i8042/serio1/input/input4
[    9.019541] e1000 0000:00:03.0 eth0: (PCI:33MHz:32-bit) 02:27:b7:20:75:f7
[    9.034950] e1000 0000:00:03.0 eth0: Intel(R) PRO/1000 Network Connection
[    9.047025] mptbase: ioc0: Initiating bringup
[    9.339643] ioc0: LSI53C1030 A0: Capabilities={Initiator}
[   10.243142] scsi host2: ioc0: LSI53C1030 A0, FwRev=00000000h, Ports=1, MaxQ=256, IRQ=20
[   11.053553] scsi 2:0:0:0: Direct-Access     VBOX     HARDDISK         1.0  PQ: 0 ANSI: 5
[   11.073780] scsi target2:0:0: Beginning Domain Validation
[   11.079997] scsi target2:0:0: Domain Validation skipping write tests
[   11.093491] scsi target2:0:0: Ending Domain Validation
[   11.108202] scsi target2:0:0: asynchronous
[   11.121379] scsi 2:0:1:0: Direct-Access     VBOX     HARDDISK         1.0  PQ: 0 ANSI: 5
[   11.167173] scsi target2:0:1: Beginning Domain Validation
[   11.206723] scsi target2:0:1: Domain Validation skipping write tests
[   11.227559] scsi target2:0:1: Ending Domain Validation
[   11.245607] scsi target2:0:1: asynchronous
[   11.271172] sd 2:0:0:0: Attached scsi generic sg0 type 0
[   11.285119] sd 2:0:0:0: [sda] 20971520 512-byte logical blocks: (10.7 GB/10.0 GiB)
[   11.293807] sd 2:0:0:0: [sda] Write Protect is off
[   11.300315] sd 2:0:0:0: [sda] Incomplete mode parameter data
[   11.300317] sd 2:0:0:0: [sda] Assuming drive cache: write through
[   11.337951] sd 2:0:1:0: Attached scsi generic sg1 type 0
[   11.342923] sd 2:0:1:0: [sdb] 20480 512-byte logical blocks: (10.5 MB/10.0 MiB)
[   11.343491] sd 2:0:1:0: [sdb] Write Protect is off
[   11.352175] sd 2:0:1:0: [sdb] Incomplete mode parameter data
[   11.352177] sd 2:0:1:0: [sdb] Assuming drive cache: write through
[   11.352229]  sda: sda1
[   11.386910] sd 2:0:0:0: [sda] Attached SCSI disk
[   11.394914] sd 2:0:1:0: [sdb] Attached SCSI disk
[   11.651281] floppy0: no floppy controllers found
[   11.922508] e1000 0000:00:08.0 eth1: (PCI:33MHz:32-bit) 08:00:27:17:40:ba
[   11.931465] e1000 0000:00:08.0 eth1: Intel(R) PRO/1000 Network Connection
[   11.941792] e1000 0000:00:03.0 enp0s3: renamed from eth0
[   11.968271] e1000 0000:00:08.0 enp0s8: renamed from eth1
Begin: Loading essential drivers ... [   13.441665] md: linear personality registered for level -1
[   13.450933] md: multipath personality registered for level -4
[   13.459286] md: raid0 personality registered for level 0
[   13.468455] md: raid1 personality registered for level 1
[   13.565698] raid6: sse2x1   gen()  4989 MB/s
[   13.640317] raid6: sse2x1   xor()  3282 MB/s
[   13.715232] raid6: sse2x2   gen()  5822 MB/s
[   13.791474] raid6: sse2x2   xor()  5221 MB/s
[   13.863238] raid6: sse2x4   gen()  8382 MB/s
[   13.943573] raid6: sse2x4   xor()  6830 MB/s
[   14.020090] raid6: avx2x1   gen() 13976 MB/s
[   14.099624] raid6: avx2x2   gen() 16506 MB/s
[   14.171231] raid6: avx2x4   gen() 17675 MB/s
[   14.177189] raid6: using algorithm avx2x4 gen() 17675 MB/s
[   14.192725] raid6: using avx2x2 recovery algorithm
[   14.211372] xor: automatically using best checksumming function:
[   14.259295]    avx       : 12949.000 MB/sec
[   14.264802] async_tx: api initialized (async)
[   14.285195] md: raid6 personality registered for level 6
[   14.296887] md: raid5 personality registered for level 5
[   14.300029] md: raid4 personality registered for level 4
[   14.312508] md: raid10 personality registered for level 10
done.
Begin: Running /scripts/init-premount ... done.
Begin: Mounting root file system ... Begin: Running /scripts/local-top ... done.
Begin: Running /scripts/local-premount ... [   14.375565] Btrfs loaded
Scanning for Btrfs filesystems
done.
Warning: fsck no[   14.451762] EXT4-fs (sda1): mounted filesystem with ordered data mode. Opts: (null)
t present, so skipping root file system
done.
Begin: Running /scripts/local-bottom ... done.
Begin: Running /scripts/init-bottom ... done.
[   14.588646] systemd[1]: systemd 229 running in system mode. (+PAM +AUDIT +SELINUX +IMA +APPARMOR +SMACK +SYSVINIT +UTMP +LIBCRYPTSETUP +GCRYPT +GNUTLS +ACL +XZ -LZ4 +SECCOMP +BLKID +ELFUTILS +KMOD -IDN)
[   14.599782] systemd[1]: Detected virtualization oracle.
[   14.622943] systemd[1]: Detected architecture x86-64.

Welcome to [1mUbuntu 16.04.4 LTS[0m!

[   14.701263] systemd[1]: Set hostname to <ubuntu>.
[   14.707885] systemd[1]: Initializing machine ID from random generator.
[   14.735217] systemd[1]: Installed transient /etc/machine-id file.
[   14.932116] systemd[1]: Listening on Journal Socket (/dev/log).
[[0;32m  OK  [0m] Listening on Journal Socket (/dev/log).
[   14.972818] systemd[1]: Created slice User and Session Slice.
[[0;32m  OK  [0m] Created slice User and Session Slice.
[   15.020358] systemd[1]: Listening on /dev/initctl Compatibility Named Pipe.
[[0;32m  OK  [0m] Listening on /dev/initctl Compatibility Named Pipe.
[   15.055661] systemd[1]: Listening on LVM2 metadata daemon socket.
[[0;32m  OK  [0m] Listening on LVM2 metadata daemon socket.
[   15.099814] systemd[1]: Listening on udev Kernel Socket.
[[0;32m  OK  [0m] Listening on udev Kernel Socket.
[   15.163661] systemd[1]: Started Forward Password Requests to Wall Directory Watch.
[[0;32m  OK  [0m] Started Forward Password Requests to Wall Directory Watch.
[   15.255858] systemd[1]: Listening on LVM2 poll daemon socket.
[[0;32m  OK  [0m] Listening on LVM2 poll daemon socket.
[   15.315864] systemd[1]: Listening on Device-mapper event daemon FIFOs.
[[0;32m  OK  [0m] Listening on Device-mapper event daemon FIFOs.
[   15.359905] systemd[1]: Reached target Encrypted Volumes.
[[0;32m  OK  [0m] Reached target Encrypted Volumes.
[   15.419767] systemd[1]: Reached target User and Group Name Lookups.
[[0;32m  OK  [0m] Reached target User and Group Name Lookups.
[   15.435741] systemd[1]: Listening on Journal Audit Socket.
[[0;32m  OK  [0m] Listening on Journal Audit Socket.
[   15.460282] systemd[1]: Reached target Swap.
[[0;32m  OK  [0m] Reached target Swap.
[   15.500581] systemd[1]: Listening on Syslog Socket.
[[0;32m  OK  [0m] Listening on Syslog Socket.
[   15.522783] systemd[1]: Created slice System Slice.
[[0;32m  OK  [0m] Created slice System Slice.
[   15.562917] systemd[1]: Created slice system-serial\x2dgetty.slice.
[[0;32m  OK  [0m] Created slice system-serial\x2dgetty.slice.
[   15.611459] systemd[1]: Reached target Slices.
[[0;32m  OK  [0m] Reached target Slices.
[   15.680276] systemd[1]: Set up automount Arbitrary Executable File Formats File System Automount Point.
[[0;32m  OK  [0m] Set up automount Arbitrary Executab...ats File System Automount Point.
[   15.779575] systemd[1]: Listening on Journal Socket.
[[0;32m  OK  [0m] Listening on Journal Socket.
[   15.875911] systemd[1]: Starting Monitoring of LVM2 mirrors, snapshots etc. using dmeventd or progress polling...
         Starting Monitoring of LVM2 mirrors... dmeventd or progress polling...
[   15.943563] systemd[1]: Starting Uncomplicated firewall...
[   15.945311] random: nonblocking pool is initialized
         Starting Uncomplicated firewall...
[   16.023929] systemd[1]: Mounting POSIX Message Queue File System...
         Mounting POSIX Message Queue File System...
[   16.099616] systemd[1]: Starting Set console keymap...
         Starting Set console keymap...
[   16.120654] systemd[1]: Mounting Huge Pages File System...
         Mounting Huge Pages File System...
[   16.141901] systemd[1]: Mounting Debug File System...
         Mounting Debug File System...
[   16.153320] systemd[1]: Starting Nameserver information manager...
         Starting Nameserver information manager...
[   16.199447] systemd[1]: Starting Load Kernel Modules...
[   16.221246] Loading iSCSI transport class v2.0-870.
         Starting Load Kernel Modules...
[   17.648316] systemd[1]: Starting Remount Root and Kernel File Systems...
[   17.667575] iscsi: registered transport (tcp)
         Startin[   17.679034] EXT4-fs (sda1): re-mounted. Opts: (null)
g Remount Root and Kernel File Systems...
[   17.707150] systemd[1]: Starting Journal Service...
         Starting Journal Service...
[   17.734971] systemd[1]: Listening on udev Control Socket.
[[0;32m  OK  [0m] Listening on udev Control Socket.
[   17.761801] iscsi: registered transport (iser)
[   17.775827] systemd[1]: Started Trigger resolvconf update for networkd DNS.
[[0;32m  OK  [0m] Started Trigger resolvconf update for networkd DNS.
[   17.835471] systemd[1]: Starting Create list of required static device nodes for the current kernel...
         Starting Create list of required st... nodes for the current kernel...
[   17.888786] systemd[1]: Mounted POSIX Message Queue File System.
[[0;32m  OK  [0m] Mounted POSIX Message Queue File System.
[   17.939624] systemd[1]: Mounted Huge Pages File System.
[[0;32m  OK  [0m] Mounted Huge Pages File System.
[   17.975945] systemd[1]: Mounted Debug File System.
[[0;32m  OK  [0m] Mounted Debug File System.
[   18.013712] systemd[1]: Started Journal Service.
[[0;32m  OK  [0m] Started Journal Service.
[[0;32m  OK  [0m] Started Uncomplicated firewall.
[[0;32m  OK  [0m] Started Set console keymap.
[[0;32m  OK  [0m] Started Load Kernel Modules.
[[0;32m  OK  [0m] Started Remount Root and Kernel File Systems.
[[0;32m  OK  [0m] Started Create list of required sta...ce nodes for the current kernel.
[[0;32m  OK  [0m] Started Nameserver information manager.
[[0;32m  OK  [0m] Started LVM2 metadata daemon.
         Starting Create Static Device Nodes in /dev...
         Starting udev Coldplug all Devices...
         Starting Load/Save Random Seed...
         Starting Initial cloud-init job (pre-networking)...
         Starting Apply Kernel Variables...
         Mounting FUSE Control File System...
         Starting Flush Journal to Persistent Storage...
[[0;32m  OK  [0m] Mounted FUSE Control File System.
[[0;32m  OK  [0m] Started Create Static Device Nodes in /dev.
[[0;32m  OK  [0m] Started Load/Save Random Seed.
[[0;32m  OK  [0m] Started Apply Kernel Variables.
[[0;32m  OK  [0m] Started udev Coldplug all Devices.
[[0;32m  OK  [0m] Started Flush Journal to Persistent Storage.
         Starting udev Kernel Device Manager...
[[0;32m  OK  [0m] Started udev Kernel Device Manager.
[[0;32m  OK  [0m] Started Monitoring of LVM2 mirrors,...ng dmeventd or progress polling.
[[0;32m  OK  [0m] Started Dispatch Password Requests to Console Directory Watch.
[[0;32m  OK  [0m] Reached target Local File Systems (Pre).
[[0;32m  OK  [0m] Reached target Local File Systems.
         Starting LSB: AppArmor initialization...
         Starting Commit a transient machine-id on disk...
         Starting Set console font and keymap...
         Starting Create Volatile Files and Directories...
         Starting Tell Plymouth To Write Out Runtime Data...
[[0;32m  OK  [0m] Started Commit a transient machine-id on disk.
[[0;32m  OK  [0m] Started Create Volatile Files and Directories.
[[0;32m  OK  [0m] Started Tell Plymouth To Write Out Runtime Data.
[[0;32m  OK  [0m] Reached target System Time Synchronized.
         Starting Update UTMP about System Boot/Shutdown...
[[0;32m  OK  [0m] Started Update UTMP about System Boot/Shutdown.
[[0;32m  OK  [0m] Found device /dev/ttyS0.
[[0;32m  OK  [0m] Listening on Load/Save RF Kill Switch Status /dev/rfkill Watch.
[   17.627122] cloud-init[449]: Cloud-init v. 17.1 running 'init-local' at Mon, 26 Feb 2018 13:37:52 +0000. Up 16.85 seconds.
[[0;32m  OK  [0m] Started Initial cloud-init job (pre-networking).
[[0;32m  OK  [0m] Started LSB: AppArmor initialization.
[[0;32m  OK  [0m] Reached target Network (Pre).
         Starting Raise network interfaces...
[[0;32m  OK  [0m] Started Set console font and keymap.
[[0;32m  OK  [0m] Created slice system-getty.slice.
[[0;32m  OK  [0m] Started Raise network interfaces.
         Starting Initial cloud-init job (metadata service crawler)...
[[0;32m  OK  [0m] Reached target Network.
[   21.322314] cloud-init[968]: Cloud-init v. 17.1 running 'init' at Mon, 26 Feb 2018 13:37:55 +0000. Up 20.44 seconds.
[   21.372649] cloud-init[968]: ci-info: ++++++++++++++++++++++++++++++++++++++Net device info++++++++++++++++++++++++++++++++++++++
[[0;32m  OK  [0m] Started Initial cloud-init job (metadata service crawler).
[   21.432492] [cloud-init[0;32m  OK  [0m[968]: ] ci-info: +--------+-------+----------------------------+---------------+-------+-------------------+Reached target Cloud-config availability.

[[0;32m  OK  [0m] Reached target System Initialization.
[   21.459207] cloud-init[968]: ci-info: | Device |   Up  |          Address           |      Mask     | Scope |     Hw-Address    |
[   21.570136]          cloud-initStarting LXD - unix socket.[968]: 
ci-info: +--------+-------+----------------------------+---------------+-------+-------------------+
[   21.620219] [cloud-init[0;32m  OK  [0m[968]: ] ci-info: | enp0s3 |  True |         10.0.2.15          | 255.255.255.0 |   .   | 02:27:b7:20:75:f7 |Started Timer to automatically refresh installed snaps.

[   21.620891] [cloud-init[0;32m  OK  [0m[968]: ] ci-info: | enp0s3 |  True | fe80::27:b7ff:fe20:75f7/64 |       .       |  link | 02:27:b7:20:75:f7 |Listening on UUID daemon activation socket.

[   21.929883] [cloud-init[0;32m  OK  [0m[968]: ] ci-info: | enp0s8 | False |             .              |       .       |   .   | 08:00:27:17:40:ba |Listening on D-Bus System Message Bus Socket.

[   22.085960] [cloud-init[0;32m  OK  [0m[968]: ] ci-info: |   lo   |  True |         127.0.0.1          |   255.0.0.0   |   .   |         .         |Started Daily apt download activities.

         Starting Socket activation for snappy daemon.
[[0;32m  OK  [0m] Listening on ACPID Listen Socket.
[   22.086533] cloud-init[968]: ci-info: |   lo   |  True |          ::1/128           |       .       |  host |         .         |
[   22.398725] [cloud-init[0;32m  OK  [0m[968]: ] ci-info: +--------+-------+----------------------------+---------------+-------+-------------------+Started ACPI Events Check.

[   22.399391] [cloud-init[0;32m  OK  [0m[968]: ] ci-info: +++++++++++++++++++++++++++Route IPv4 info++++++++++++++++++++++++++++Reached target Paths.

[   22.576457] [cloud-init[0;32m  OK  [0m[968]: ] ci-info: +-------+-------------+----------+---------------+-----------+-------+Started Daily Cleanup of Temporary Directories.

[   22.577288] [cloud-init[0;32m  OK  [0m[968]: ] ci-info: | Route | Destination | Gateway  |    Genmask    | Interface | Flags |Started Daily apt upgrade and clean activities.

[   22.820686] [cloud-init[0;32m  OK  [0m[968]: ] ci-info: +-------+-------------+----------+---------------+-----------+-------+Reached target Timers.

[   22.821450] [cloud-init[0;32m  OK  [0m[968]: ] ci-info: |   0   |   0.0.0.0   | 10.0.2.2 |    0.0.0.0    |   enp0s3  |   UG  |Reached target Network is Online.

[   23.077041]          cloud-initStarting iSCSI initiator daemon (iscsid)...[968]: 
ci-info: |   1   |   10.0.2.0  | 0.0.0.0  | 255.255.255.0 |   enp0s3  |   U   |
[   23.194924] [cloud-init[0;32m  OK  [0m[968]: ] ci-info: +-------+-------------+----------+---------------+-----------+-------+Listening on LXD - unix socket.

[   23.195788] [cloud-init[0;32m  OK  [0m[968]: ] Generating public/private rsa key pair.Listening on Socket activation for snappy daemon.

[   23.305674] cloud-init[968]: Your identification has been saved in /etc/ssh/ssh_host_rsa_key.
[   23.368507] cloud-init[968]: Your public key has been saved in /etc/ssh/ssh_host_rsa_key.pub.
[   23.448795] cloud-init[968]: The key fingerprint is:
[   23.492969] cloud-init[968]: SHA256:VCyZpC3wEXN+gynN1QT1pZtBajN/O57za97C2rz/itk root@ubuntu-xenial
[   23.533235] cloud-init[968]: The key's randomart image is:
[   23.597216] cloud-init[968]: +---[RSA 2048]----+
[   23.636402] cloud-init[968]: |    . +oo++=o . .|
[   23.657035] cloud-init[968]: |     o X+=. .+ o |
[   23.672963] cloud-init[968]: |      = O.o = +  |
[   23.705125] cloud-init[968]: |       + . o + + |
[[0;32m  OK  [0m] Started iSCSI initiator daemon (iscsid).
[   23.723577] cloud-init[968]: |        S     + .|
[   23.777718] cloud-init[968]: |               ..|
[   23.796317] cloud-init[968]: |             . o |
[   23.824818] cloud-init[968]: |             *+o+|
         Starting Login to default iSCSI targets...
[[0;32m  OK  [0m] Reached target Sockets.
[[0;32m  OK  [0m] Reached target Basic System.
[   23.847497] cloud-init[968]: |            +.EXX|
[   23.921163] cloud-init[968]: +----[SHA256]-----+
[   23.948603] cloud-init[968]: Generating public/private dsa key pair.
         Starting LSB: MD monitoring daemon...
[   24.007718] cloud-init[968]: Your identification has been saved in /etc/ssh/ssh_host_dsa_key.
         Starting Pollinate to seed the pseudo random number generator...
[   24.090940] cloud-init[968]: Your public key has been saved in /etc/ssh/ssh_host_dsa_key.pub.
[   24.162144] cloud-init[968]: The key fingerprint is:
[   24.170877]          cloud-initStarting Accounts Service...[968]: 
SHA256:FAaOeakrOmUuC+yBpDIwkeMrsar7f4FpR96Vp5NSWvM root@ubuntu-xenial
         Starting System Logging Service...
[   24.192451] cloud-init[968]: The key's randomart image is:
[   24.235452] cloud-init[968]: +---[DSA 1024]----+
[   24.280436] [cloud-init[0;32m  OK  [0m[968]: ] |      ..o        |Started D-Bus System Message Bus.

[   24.280956] cloud-init[968]: | .   + o .       |
[   24.335116] [cloud-init[0;32m  OK  [0m[968]: ] |+   o + .  .     |Started Unattended Upgrades Shutdown.

[   24.335631] cloud-init[968]: |.o   o..  * .    |
[   24.359169] cloud-init[968]: |+o  .= .S= *     |
[   24.366981] cloud-init[968]: |*++ +.+ + + E    |
[   24.381324]          cloud-initStarting Login Service...[968]: 
|OB.... . . .     |
[   24.387306] cloud-init[968]: |Ooo.  .          |
         Starting /etc/rc.local Compatibility...
[   24.387952] cloud-init[968]: |BB....           |
[   24.432465] [cloud-init[0;32m  OK  [0m[968]: ] +----[SHA256]-----+Started Regular background program processing daemon.

[   24.433066] cloud-init[968]: Generating public/private ecdsa key pair.
         Starting Snappy daemon...
[   24.517284] cloud-init[968]: Your identification has been saved in /etc/ssh/ssh_host_ecdsa_key.
[[0;32m  OK  [0m] Started Deferred execution scheduler.
[   24.549407] cloud-init[968]: Your public key has been saved in /etc/ssh/ssh_host_ecdsa_key.pub.
[[0;32m  OK  [0m] Started ACPI event daemon.
[   24.582150] cloud-init[968]: The key fingerprint is:
[   24.613028] [cloud-init[0;32m  OK  [0m[968]: ] SHA256:A2lOVbI/B7k155mEUjVRpHnBRxeSTBP4nAo3P1opWpo root@ubuntu-xenialStarted FUSE filesystem for LXC.

         Starting LSB: Record successful boot for GRUB...
[   24.653994] cloud-init[968]: The key's randomart image is:
         Starting Apply the settings specified in cloud-config...
         Starting LXD - container startup/shutdown...
[[0;32m  OK  [0m] Started System Logging Service.
[[0;32m  OK  [0m] Started Pollinate to seed the pseudo random number generator.
[[0;32m  OK  [0m] Started /etc/rc.local Compatibility.
[   24.692990] cloud-init[968]: +---[ECDSA 256]---+
[   24.788462] cloud-init[968]: |        o.. =*BB*|
[   24.796985] cloud-init[968]: |       o o + +o=+|
[   24.801319] cloud-init[968]: |      = . + * * o|
[   24.808563] cloud-init[968]: |     + . o B O + |
[   24.819282] cloud-init[968]: |      . S * = =  |
[   24.852619] cloud-init[968]: |         . * =   |
[   24.858481] cloud-init[968]: |          = + .  |
[   24.875153] cloud-init[968]: |         E .     |
[   24.884421] cloud-init[968]: |                 |
[[0;32m  OK  [0m] Started LSB: MD monitoring daemon.
[[0;32m  OK  [0m] Started LSB: Record successful boot for GRUB.
[   24.916023] cloud-init[968]: +----[SHA256]-----+
[   25.029173] cloud-init[968]: Generating public/private ed25519 key pair.
[   25.053854] cloud-init[968]: Your identification has been saved in /etc/ssh/ssh_host_ed25519_key.
[[0;32m  OK  [0m] Started Login to default iSCSI targets.
[[0;32m  OK  [0m] Started LXD - container startup/shutdown.
[[0;32m  OK  [0m] Started Snappy daemon.
[   25.092279] cloud-init[968]: Your public key has been saved in /etc/ssh/ssh_host_ed25519_key.pub.
[   25.191372] cloud-init[968]: The key fingerprint is:
[   25.212696] cloud-init[968]: SHA256:oc1rlrxxjRtP5y49S88N5t5wBVtWr5n4i2kX1IOK86Y root@ubuntu-xenial
[   25.222531] cloud-init[968]: The key's randomart image is:
         Starting Authenticate and Authorize Users to Run Privileged Tasks...
[[0;32m  OK  [0m] Reached target Remote File Systems (Pre).
[[0;32m  OK  [0m] Reached target Remote File Systems.
         Starting Permit User Sessions...
         Starting LSB: daemon to balance interrupts for SMP systems...
         Starting LSB: VirtualBox Linux Additions...
[   25.229976] cloud-init[968]: +--[ED25519 256]--+
         Starting LSB: Set the CPU Frequency Scaling governor to "ondemand"...
[   25.377774] cloud-init[968]: |                .|
[   25.396377] cloud-init[968]: |                o|
         Starting LSB: automatic crash report generation...
         Starting OpenBSD Secure Shell server...
[   25.428513] cloud-init[968]: |        .     o.+|
[[0;32m  OK  [0m] Started Permit User Sessions.
[[0;32m  OK  [0m] Started Login Service.
[[0;32m  OK  [0m] Started OpenBSD Secure Shell server.
[[0;32m  OK  [0m] Started Authenticate and Authorize Users to Run Privileged Tasks.
[[0;32m  OK  [0m] Started Accounts Service.
[   25.478464] cloud-init[968]: |       + .   o.X.|
[   25.560718] cloud-init[968]: |      . S . o.= o|
[   25.569641] cloud-init[968]: |       . = + .. .|
[   25.580232] cloud-init[968]: |        B * o.B..|
[   25.592850] cloud-init[968]: |       o + BoO+O.|
[   25.607746] cloud-init[968]: |        .E+.+=Bo=|
[   25.666729] cloud-init[968]: +----[SHA256]-----+
         Starting Hold until boot process finishes up...
         Starting Terminate Plymouth Boot Screen...
[[0;32m  OK  [0m] Started LSB: daemon to balance interrupts for SMP systems.
[[0;32m  OK  [0m] Started LSB: Set the CPU Frequency Scaling governor to "ondemand".
[[0;32m  OK  [0m] Started LSB: automatic crash report generation.
[[0;32m  OK  [0m] Started Hold until boot process finishes up.
[[0;32m  OK  [0m] Started Terminate Plymouth Boot Screen.
[[0;32m  OK  [0m] Started Getty on tty1.
[[0;32m  OK  [0m] Started Serial Getty on ttyS0.
[[0;32m  OK  [0m] Reached target Login Prompts.
         Starting Set console scheme...
[[0;32m  OK  [0m] Started LSB: VirtualBox Linux Additions.
[[0;32m  OK  [0m] Reached target Multi-User System.
[[0;32m  OK  [0m] Reached target Graphical Interface.
         Starting Update UTMP about System Runlevel Changes...
[[0;32m  OK  [0m] Started Update UTMP about System Runlevel Changes.
[[0;32m  OK  [0m] Started Set console scheme.
[[0;32m  OK  [0m] Created slice User Slice of vagrant.
         Starting User Manager for UID 1000...
[   26.286363] cloud-init[1161]: Generating locales (this might take a while)...
[[0;32m  OK  [0m] Started Session 1 of user vagrant.
[[0;32m  OK  [0m] Started User Manager for UID 1000.
[   27.625684] cloud-init[1161]:   en_US.UTF-8... done
[   27.654214] cloud-init[1161]: Generation complete.
[   28.059839] cloud-init[1161]: Cloud-init v. 17.1 running 'modules:config' at Mon, 26 Feb 2018 13:38:01 +0000. Up 25.99 seconds.
[[0;32m  OK  [0m] Started Apply the settings specified in cloud-config.
         Starting Execute cloud user/final scripts...
ci-info: no authorized ssh keys fingerprints found for user ubuntu.
<14>Feb 26 13:38:04 ec2: 
<14>Feb 26 13:38:04 ec2: #############################################################
<14>Feb 26 13:38:04 ec2: -----BEGIN SSH HOST KEY FINGERPRINTS-----
<14>Feb 26 13:38:04 ec2: 1024 SHA256:FAaOeakrOmUuC+yBpDIwkeMrsar7f4FpR96Vp5NSWvM root@ubuntu-xenial (DSA)
<14>Feb 26 13:38:04 ec2: 256 SHA256:A2lOVbI/B7k155mEUjVRpHnBRxeSTBP4nAo3P1opWpo root@ubuntu-xenial (ECDSA)
<14>Feb 26 13:38:04 ec2: 256 SHA256:oc1rlrxxjRtP5y49S88N5t5wBVtWr5n4i2kX1IOK86Y root@ubuntu-xenial (ED25519)
<14>Feb 26 13:38:04 ec2: 2048 SHA256:VCyZpC3wEXN+gynN1QT1pZtBajN/O57za97C2rz/itk root@ubuntu-xenial (RSA)
<14>Feb 26 13:38:04 ec2: -----END SSH HOST KEY FINGERPRINTS-----
<14>Feb 26 13:38:04 ec2: #############################################################
-----BEGIN SSH HOST KEY KEYS-----
ecdsa-sha2-nistp256 AAAAE2VjZHNhLXNoYTItbmlzdHAyNTYAAAAIbmlzdHAyNTYAAABBBO7KxcKpryDOmgeexg1rpaK38ADFntwmZ46gGId8GaKNdhrgFpHCUYRlFsP0E/pw8azPacmsGQKMFa9oin01uz4= root@ubuntu-xenial
ssh-ed25519 AAAAC3NzaC1lZDI1NTE5AAAAIMDelDrlP2YHhHbzr1HT49TsvXuwHNMeZYYr7uvEkrAC root@ubuntu-xenial
ssh-rsa AAAAB3NzaC1yc2EAAAADAQABAAABAQCzFlRnOX9ejoCem5zOOVxn8+GR/jtilg6SJfol3auVKzqI0jg0lEDQdCFRbT/QpRQl1eqmeVVOcYMT/3X1WI8JiizTgrzVwEguSZVUMdbymBkBDkTfOJ4eYAT082wfukdsUceEUCX+1Crtx9KCkUNwoBk7wOPK1Ds+yQFmhY8y2NUFbT/DRL+TFIRsT67s9Nsm997FgHXFR9+hRqSEpmH+k3lV0nhpcBraJ4gaLq9h6Xzj9bRMk9W3Jdq8tbAKEefyVnC8MV2D9WssR2mJb91uRrShFaIMv9rlKFADlXKkOF3r/AkfZJDWJY2TTtgBYct8eIQGfTrVrdlAGpkLogwL root@ubuntu-xenial
-----END SSH HOST KEY KEYS-----
[   28.942273] cloud-init[1443]: Cloud-init v. 17.1 running 'modules:final' at Mon, 26 Feb 2018 13:38:03 +0000. Up 28.55 seconds.
[   29.002652] [cloud-init[0;32m  OK  [0m[1443]: ] ci-info: no authorized ssh keys fingerprints found for user ubuntu.Started Execute cloud user/final scripts.

[   29.018180] [cloud-init[0;32m  OK  [0m[1443]: ] Cloud-init v. 17.1 finished at Mon, 26 Feb 2018 13:38:04 +0000. Datasource DataSourceNoCloud [seed=/dev/sdb][dsmode=net].  Up 28.93 secondsReached target Cloud-init target.


Ubuntu 16.04.4 LTS ubuntu-xenial ttyS0

ubuntu-xenial login: 